<?xml version="1.0" encoding="UTF-8"?>
<testng-results ignored="0" total="1" passed="1" failed="0" skipped="0">
  <reporter-output>
  </reporter-output>
  <suite started-at="2022-09-16T15:39:31 IST" name="Default suite" finished-at="2022-09-16T15:39:39 IST" duration-ms="8123">
    <groups>
    </groups>
    <test started-at="2022-09-16T15:39:31 IST" name="Default test" finished-at="2022-09-16T15:39:39 IST" duration-ms="8123">
      <class name="exam">
        <test-method signature="sign()[pri:0, instance:exam@49c7b90e]" started-at="2022-09-16T15:39:31 IST" name="sign" finished-at="2022-09-16T15:39:39 IST" duration-ms="8076" status="PASS">
          <reporter-output>
          </reporter-output>
        </test-method> <!-- sign -->
      </class> <!-- exam -->
    </test> <!-- Default test -->
  </suite> <!-- Default suite -->
</testng-results>
